Client_SDK/m4399OperateSDKDemo/proguard/seeds.txt
cn.m4399.game.MainActivity
cn.m4399.game.MainActivity: MainActivity()
cn.m4399.game.MainActivity: void onLoginButtonClicked(android.view.View)
cn.m4399.game.MainActivity: void onSwitchAccountButtonClicked(android.view.View)
cn.m4399.game.MainActivity: void onIsLoginButtonClicked(android.view.View)
cn.m4399.game.MainActivity: void onLogoutButtonClicked(android.view.View)
cn.m4399.game.MainActivity: void onServerButtonClicked(android.view.View)
cn.m4399.game.MainActivity: void onUserButtonClicked(android.view.View)
cn.m4399.game.MainActivity: void onRechargeButtonClicked(android.view.View)
cn.m4399.game.MainActivity: void onRemoveAccountButtonClicked(android.view.View)
cn.m4399.game.MainActivity: void onQuitGameClicked(android.view.View)
cn.m4399.game.MainActivity: void onUpdateButtonClicked(android.view.View)
cn.m4399.game.R$anim: int m4399_rec_loading_anim
cn.m4399.game.R$color: int m4399_ope_dialog_text_green
cn.m4399.game.R$color: int m4399_ope_dialog_text_grey
cn.m4399.game.R$color: int m4399_ope_transparent
cn.m4399.game.R$color: int m4399_ope_usercenter_black
cn.m4399.game.R$color: int m4399_ope_usercenter_brown
cn.m4399.game.R$color: int m4399_ope_usercenter_grey
cn.m4399.game.R$color: int m4399_ope_usercenter_grey_light
cn.m4399.game.R$color: int m4399_ope_usercenter_nav_bar_bg
cn.m4399.game.R$color: int m4399_ope_usercenter_orange
cn.m4399.game.R$color: int m4399_ope_usercenter_white
cn.m4399.game.R$color: int m4399_rec_color_grey
cn.m4399.game.R$color: int m4399_rec_color_white
cn.m4399.game.R$color: int m4399_rec_color_yellow
cn.m4399.game.R$color: int m4399_rec_dialog_separator_bg
cn.m4399.game.R$color: int m4399_rec_foot_bg_color
cn.m4399.game.R$color: int m4399_rec_link_text_light
cn.m4399.game.R$color: int m4399_rec_sdk_card_text_color
cn.m4399.game.R$color: int m4399_rec_sdk_color_black
cn.m4399.game.R$color: int m4399_rec_title_bg_color
cn.m4399.game.R$dimen: int m4399_ope_usercenter_account_type_image_size
cn.m4399.game.R$dimen: int m4399_ope_usercenter_avatar_size
cn.m4399.game.R$dimen: int m4399_ope_usercenter_nickname_font_size
cn.m4399.game.R$dimen: int m4399_ope_usercenter_username_font_size
cn.m4399.game.R$dimen: int m4399_ope_usercenter_youbi_balance_font_size
cn.m4399.game.R$dimen: int m4399_ope_usercenter_youbi_label_font_size
cn.m4399.game.R$dimen: int m4399_rec_btns_hspacing
cn.m4399.game.R$dimen: int m4399_rec_btns_vspacing
cn.m4399.game.R$dimen: int m4399_rec_dialog_height
cn.m4399.game.R$dimen: int m4399_rec_dialog_spacing
cn.m4399.game.R$dimen: int m4399_rec_dialog_width
cn.m4399.game.R$dimen: int m4399_rec_edittext_height
cn.m4399.game.R$dimen: int m4399_rec_foot_height
cn.m4399.game.R$dimen: int m4399_rec_foot_text_size
cn.m4399.game.R$dimen: int m4399_rec_gridview_half_vspacing
cn.m4399.game.R$dimen: int m4399_rec_gridview_hspacing
cn.m4399.game.R$dimen: int m4399_rec_gridview_item_height
cn.m4399.game.R$dimen: int m4399_rec_gridview_vspacing
cn.m4399.game.R$dimen: int m4399_rec_paddingBottom
cn.m4399.game.R$dimen: int m4399_rec_paddingLeft
cn.m4399.game.R$dimen: int m4399_rec_paddingRight
cn.m4399.game.R$dimen: int m4399_rec_paddingTop
cn.m4399.game.R$dimen: int m4399_rec_page_height
cn.m4399.game.R$dimen: int m4399_rec_page_width
cn.m4399.game.R$dimen: int m4399_rec_payment_icon_padding
cn.m4399.game.R$dimen: int m4399_rec_payment_icon_size
...
cn.m4399.recharge.thirdparty.imageloader.core.process.BitmapProcessor
cn.m4399.recharge.thirdparty.imageloader.core.process.BitmapProcessor: android.graphics.Bitmap process(android.graphics.Bitmap)
cn.m4399.recharge.thirdparty.imageloader.utils.DiskCacheUtils
cn.m4399.recharge.thirdparty.imageloader.utils.DiskCacheUtils: DiskCacheUtils()
cn.m4399.recharge.thirdparty.imageloader.utils.DiskCacheUtils: java.io.File findInCache(java.lang.String,cn.m4399.recharge.thirdparty.imageloader.cache.disc.DiskCache)
cn.m4399.recharge.thirdparty.imageloader.utils.DiskCacheUtils: boolean removeFromCache(java.lang.String,cn.m4399.recharge.thirdparty.imageloader.cache.disc.DiskCache)
cn.m4399.recharge.thirdparty.imageloader.utils.ImageSizeUtils
cn.m4399.recharge.thirdparty.imageloader.utils.ImageSizeUtils: int DEFAULT_MAX_BITMAP_DIMENSION
cn.m4399.recharge.thirdparty.imageloader.utils.ImageSizeUtils: cn.m4399.recharge.thirdparty.imageloader.core.assist.ImageSize maxBitmapSize
cn.m4399.recharge.thirdparty.imageloader.utils.ImageSizeUtils: int[] $SWITCH_TABLE$cn$m4399$recharge$thirdparty$imageloader$core$assist$ViewScaleType
cn.m4399.recharge.thirdparty.imageloader.utils.ImageSizeUtils: void <clinit>()
cn.m4399.recharge.thirdparty.imageloader.utils.ImageSizeUtils: ImageSizeUtils()
cn.m4399.recharge.thirdparty.imageloader.utils.ImageSizeUtils: cn.m4399.recharge.thirdparty.imageloader.core.assist.ImageSize defineTargetSizeForView(cn.m4399.recharge.thirdparty.imageloader.core.imageaware.ImageAware,cn.m4399.recharge.thirdparty.imageloader.core.assist.ImageSize)
cn.m4399.recharge.thirdparty.imageloader.utils.ImageSizeUtils: int computeImageSampleSize(cn.m4399.recharge.thirdparty.imageloader.core.assist.ImageSize,cn.m4399.recharge.thirdparty.imageloader.core.assist.ImageSize,cn.m4399.recharge.thirdparty.imageloader.core.assist.ViewScaleType,boolean)
cn.m4399.recharge.thirdparty.imageloader.utils.ImageSizeUtils: int computeMinImageSampleSize(cn.m4399.recharge.thirdparty.imageloader.core.assist.ImageSize)
cn.m4399.recharge.thirdparty.imageloader.utils.IoUtils
cn.m4399.recharge.thirdparty.imageloader.utils.IoUtils: int DEFAULT_BUFFER_SIZE
cn.m4399.recharge.thirdparty.imageloader.utils.IoUtils: int CONTINUE_LOADING_PERCENTAGE
cn.m4399.recharge.thirdparty.imageloader.utils.IoUtils: IoUtils()
cn.m4399.recharge.thirdparty.imageloader.utils.IoUtils: boolean copyStream(java.io.InputStream,java.io.OutputStream,cn.m4399.recharge.thirdparty.imageloader.utils.IoUtils$CopyListener)
cn.m4399.recharge.thirdparty.imageloader.utils.IoUtils: boolean copyStream(java.io.InputStream,java.io.OutputStream,cn.m4399.recharge.thirdparty.imageloader.utils.IoUtils$CopyListener,int)
cn.m4399.recharge.thirdparty.imageloader.utils.IoUtils: boolean shouldStopLoading(cn.m4399.recharge.thirdparty.imageloader.utils.IoUtils$CopyListener,int,int)
cn.m4399.recharge.thirdparty.imageloader.utils.IoUtils: void readAndCloseStream(java.io.InputStream)
cn.m4399.recharge.thirdparty.imageloader.utils.IoUtils: void closeSilently(java.io.Closeable)
cn.m4399.recharge.thirdparty.imageloader.utils.IoUtils$CopyListener
cn.m4399.recharge.thirdparty.imageloader.utils.IoUtils$CopyListener: boolean onBytesCopied(int,int)