Client_SDK/m4399OperateSDKDemo/proguard/mapping.txt
cn.m4399.game.MainActivity -> cn.m4399.game.MainActivity:
    java.lang.String toastPre -> a
    cn.m4399.operate.OperateCenter mOpeCenter -> b
    cn.m4399.operate.OperateCenterConfig mOpeConfig -> c
    android.widget.TextView txtVersion -> d
    android.content.SharedPreferences mSp -> e
    java.lang.String[] mPopAssisStyles -> f
    64:117:void onCreate(android.os.Bundle) -> onCreate
    121:125:void onDestroy() -> onDestroy
    129:146:void initOrientationSetting() -> a
    149:157:void initPopStyleSpinner() -> b
    171:172:int getOriPreference() -> c
    176:187:cn.m4399.operate.OperateCenterConfig$PopLogoStyle getPopStylePreference() -> d
    192:194:void saveOriPreference(int) -> a
    197:198:void savePopStylePreference(int) -> b
    203:213:void onLoginButtonClicked(android.view.View) -> onLoginButtonClicked
    216:225:void onSwitchAccountButtonClicked(android.view.View) -> onSwitchAccountButtonClicked
    228:231:void onIsLoginButtonClicked(android.view.View) -> onIsLoginButtonClicked
    234:243:void onLogoutButtonClicked(android.view.View) -> onLogoutButtonClicked
    246:282:void onServerButtonClicked(android.view.View) -> onServerButtonClicked
    285:290:void onUserButtonClicked(android.view.View) -> onUserButtonClicked
    293:341:void onRechargeButtonClicked(android.view.View) -> onRechargeButtonClicked
    344:358:void onRemoveAccountButtonClicked(android.view.View) -> onRemoveAccountButtonClicked
cn.m4399.game.MainActivity$1 -> r:
    cn.m4399.game.MainActivity this$0 -> a
    94:98:void onInitFinished(boolean,cn.m4399.operate.User) -> onInitFinished
    103:103:void onUserAccountLogout() -> onUserAccountLogout
cn.m4399.game.MainActivity$10 -> s:
    cn.m4399.game.MainActivity this$0 -> a
    android.widget.ScrollView val$sv -> b
    309:339:void onClick(android.content.DialogInterface,int) -> onClick
    305:305:cn.m4399.game.MainActivity access$0(cn.m4399.game.MainActivity$10) -> a
cn.m4399.game.MainActivity$10$1 -> t:
    cn.m4399.game.MainActivity$10 this$1 -> a
    334:336:void onRechargeFinished(boolean,int,java.lang.String) -> onRechargeFinished
cn.m4399.game.MainActivity$11 -> u:
    cn.m4399.game.MainActivity this$0 -> a
    android.widget.LinearLayout val$layout -> b
    350:356:void onClick(android.content.DialogInterface,int) -> onClick
cn.m4399.game.MainActivity$12 -> v:
    cn.m4399.game.MainActivity this$0 -> a
    365:369:void onQuitGameFinished(boolean) -> onQuitGameFinished
cn.m4399.game.MainActivity$13 -> w:
    cn.m4399.game.MainActivity this$0 -> a
    381:383:void onCheckResponse(cn.m4399.operate.UpgradeInfo) -> onCheckResponse
cn.m4399.game.MainActivity$14 -> x:
    cn.m4399.game.MainActivity this$0 -> a
    402:403:void onClick(android.content.DialogInterface,int) -> onClick
cn.m4399.game.MainActivity$15 -> y:
    cn.m4399.game.MainActivity this$0 -> a
    boolean val$haveLocalSrc -> b
    415:419:void onClick(android.content.DialogInterface,int) -> onClick
cn.m4399.game.MainActivity$16 -> z:
    cn.m4399.game.MainActivity this$0 -> a
    424:424:void onClick(android.content.DialogInterface,int) -> onClick
cn.m4399.game.MainActivity$17 -> aa:
    cn.m4399.game.MainActivity this$0 -> a
    434:435:void onClick(android.content.DialogInterface,int) -> onClick
cn.m4399.game.MainActivity$18 -> ab:
    cn.m4399.game.MainActivity this$0 -> a
    android.app.ProgressDialog val$dialog -> b
    452:457:void onDownloadSuccess() -> onDownloadSuccess
    461:464:void onDownloadFail(int,java.lang.String) -> onDownloadFail
    468:470:void onDownloadStart() -> onDownloadStart
    474:476:void onDownloadProgress(long,long) -> onDownloadProgress
cn.m4399.game.MainActivity$19 -> ac:
    cn.m4399.game.MainActivity this$0 -> a
    485:486:void onClick(android.content.DialogInterface,int) -> onClick
cn.m4399.game.MainActivity$2 -> ad:
    cn.m4399.game.MainActivity this$0 -> a
    109:111:void onSwitchUserAccountFinished(cn.m4399.operate.User) -> onSwitchUserAccountFinished
...
android.support.v4.app.FragmentActivity$FragmentTag -> android.support.v4.app.FragmentActivity$FragmentTag:
    int[] Fragment -> Fragment
    int Fragment_id -> Fragment_id
    int Fragment_name -> Fragment_name
    int Fragment_tag -> Fragment_tag
android.support.v4.app.FragmentActivity$NonConfigurationInstances -> android.support.v4.app.FragmentActivity$NonConfigurationInstances:
    java.lang.Object activity -> activity
    java.lang.Object custom -> custom
    java.util.HashMap children -> children
    java.util.ArrayList fragments -> fragments
    java.util.HashMap loaders -> loaders
android.support.v4.app.FragmentContainer -> android.support.v4.app.FragmentContainer:
    android.view.View findViewById(int) -> findViewById
android.support.v4.app.FragmentManager -> android.support.v4.app.FragmentManager:
    int POP_BACK_STACK_INCLUSIVE -> POP_BACK_STACK_INCLUSIVE
    android.support.v4.app.FragmentTransaction beginTransaction() -> beginTransaction
    139:139:android.support.v4.app.FragmentTransaction openTransaction() -> openTransaction
    boolean executePendingTransactions() -> executePendingTransactions
    android.support.v4.app.Fragment findFragmentById(int) -> findFragmentById
    android.support.v4.app.Fragment findFragmentByTag(java.lang.String) -> findFragmentByTag
    void popBackStack() -> popBackStack
    boolean popBackStackImmediate() -> popBackStackImmediate
    void popBackStack(java.lang.String,int) -> popBackStack
    boolean popBackStackImmediate(java.lang.String,int) -> popBackStackImmediate
    void popBackStack(int,int) -> popBackStack
    boolean popBackStackImmediate(int,int) -> popBackStackImmediate
    int getBackStackEntryCount() -> getBackStackEntryCount
    android.support.v4.app.FragmentManager$BackStackEntry getBackStackEntryAt(int) -> getBackStackEntryAt
    void addOnBackStackChangedListener(android.support.v4.app.FragmentManager$OnBackStackChangedListener) -> addOnBackStackChangedListener
    void removeOnBackStackChangedListener(android.support.v4.app.FragmentManager$OnBackStackChangedListener) -> removeOnBackStackChangedListener
    void putFragment(android.os.Bundle,java.lang.String,android.support.v4.app.Fragment) -> putFragment
android.support.v4.app.FragmentManager$BackStackEntry -> android.support.v4.app.FragmentManager$BackStackEntry:
    int getId() -> getId
    java.lang.String getName() -> getName
    int getBreadCrumbTitleRes() -> getBreadCrumbTitleRes
    int getBreadCrumbShortTitleRes() -> getBreadCrumbShortTitleRes
    java.lang.CharSequence getBreadCrumbTitle() -> getBreadCrumbTitle
    java.lang.CharSequence getBreadCrumbShortTitle() -> getBreadCrumbShortTitle
android.support.v4.app.FragmentManager$OnBackStackChangedListener -> android.support.v4.app.FragmentManager$OnBackStackChangedListener:
    void onBackStackChanged() -> onBackStackChanged