Client_SDK/m4399OperateSDKDemo/proguard/usage.txt
cn.m4399.game.BuildConfig
cn.m4399.game.MainActivity:
    public static final java.lang.String TAG
    public static final int LANDSCAPE
    public static final int PORTRAIT
cn.m4399.game.R
cn.m4399.game.R$anim
cn.m4399.game.R$attr
cn.m4399.game.R$color
cn.m4399.game.R$dimen
cn.m4399.game.R$drawable
cn.m4399.game.R$id
cn.m4399.game.R$integer
cn.m4399.game.R$layout
cn.m4399.game.R$raw
cn.m4399.game.R$string
cn.m4399.game.R$style
...
com.alipay.mobilesecuritysdk.datainfo.SdkConfig
com.alipay.mobilesecuritysdk.datainfo.UploadInfo
com.alipay.mobilesecuritysdk.datainfo.WifiCollectInfo
com.alipay.mobilesecuritysdk.deviceID.CollectDeviceInfo:
    99:101:public java.lang.String getResolution(android.content.Context)
    105:108:public java.lang.String getNetworkType(android.content.Context)
com.alipay.mobilesecuritysdk.deviceID.DataShare
com.alipay.mobilesecuritysdk.deviceID.DeviceIdModel:
    public static final java.lang.String PREFS_NAME
    public static final java.lang.String PRIVATE_NAME
    public static final java.lang.String SERVICEID
    public static final java.lang.String VER
    public static final java.lang.String mah1
    public static final java.lang.String mah2
    public static final java.lang.String mah3
    public static final java.lang.String mah4
    public static final java.lang.String mah5
    public static final java.lang.String mah6
    public static final java.lang.String mah7
    public static final java.lang.String mah8
    public static final java.lang.String mah9
    public static final java.lang.String mah10
    public static final java.lang.String mas1
    public static final java.lang.String mas2
    public static final java.lang.String mas3
    public static final java.lang.String mas4
    public static final java.lang.String mtid
    public static final java.lang.String mutdid
    public static final java.lang.String mAppId
    public static final java.lang.String mDeviceInfo
    public static final java.lang.String mDeviceId
    public static final java.lang.String mPriDeviceId
    public static final java.lang.String mtime
    public static final java.lang.String mApdtk
    public static final java.lang.String mRule
    public static final java.lang.String mCheckCode
    243:250:public java.util.Map GetLocalInfo()
com.alipay.mobilesecuritysdk.deviceID.DeviceMetaData:
    public static final java.lang.String AUTH
    public static final java.lang.String DATABASE_NAME
    public static final int DATABASE_VER
    public static final java.lang.String DEVICE_TABLE_NAME
    private java.lang.String mcheckCode
    55:55:public java.lang.String getMcheckCode()
    59:60:public void setMcheckCode(java.lang.String)
com.alipay.mobilesecuritysdk.deviceID.IdResponseInfo:
    private java.lang.String merrorcode
    private java.util.List arrList
    20:20:public java.lang.String getFuction()
    26:26:public java.util.List getArrList()
    29:30:public void setArrList(java.util.List)
    54:54:public java.lang.String isMerrorcode()
    57:58:public void setMerrorcode(java.lang.String)
    60:60:public java.lang.String getMversion()
com.alipay.mobilesecuritysdk.deviceID.LOG:
    30:30:public LOG()
com.alipay.mobilesecuritysdk.deviceID.Profile:
    public static final java.lang.String devicever
com.alipay.mobilesecuritysdk.deviceID.SecurityUtils:
    public static final java.lang.String TAG
    11:11:public SecurityUtils()
    91:91:public static java.lang.String toHex(java.lang.String)
    95:95:public static java.lang.String fromHex(java.lang.String)
com.alipay.mobilesecuritysdk.face.SecurityClientMobile:
    private static java.lang.Thread workThread
    15:15:public SecurityClientMobile()
    32:87:public static synchronized void start(android.content.Context,java.util.List,boolean)
    91:104:public static void stop()
    107:108:public static void setError(boolean)
    111:112:public static void setDebug(boolean)
    115:115:public static boolean isDebug()
    25:25:static synthetic boolean access$0()
com.alipay.mobilesecuritysdk.face.SecurityClientMobile$1
com.alipay.mobilesecuritysdk.model.CollectedInfo
com.alipay.mobilesecuritysdk.model.DataProfile
com.alipay.mobilesecuritysdk.model.SecLocationListener
com.alipay.mobilesecuritysdk.model.Upload